[INFO] - 2019-03-29 16:03:59 - Log File: /Users/challa/Desktop/friend/tmp/new_relic.log
[INFO] - 2019-03-29 16:04:00 - Reporting to: https://rpm.newrelic.com/accounts/2286216/applications/300833172
[INFO] - 2019-03-29 16:11:56 - Log File: /Users/challa/Desktop/friend/tmp/new_relic.log
[INFO] - 2019-03-29 16:11:57 - Reporting to: https://rpm.newrelic.com/accounts/2286216/applications/300833172
[INFO] - 2019-03-29 16:13:08 - Log File: /Users/challa/Desktop/friend/tmp/new_relic.log
[INFO] - 2019-03-29 16:13:09 - Reporting to: https://rpm.newrelic.com/accounts/2286216/applications/300833172
[DEBUG] - 2019-03-29 16:14:09 - Completed Metric harvest - size: 13
[DEBUG] - 2019-03-29 16:14:09 - Completed Transaction Trace harvest - size: 3
[DEBUG] - 2019-03-29 16:14:09 - Completed Error Trace harvest - size: 0
[DEBUG] - 2019-03-29 16:14:09 - Completed Error Event harvest - size: 0
[DEBUG] - 2019-03-29 16:14:09 - Completed Custom Event harvest - size: 57
[DEBUG] - 2019-03-29 16:14:09 - Completed Span Event harvest - size: 10
[DEBUG] - 2019-03-29 16:14:09 - Completed Transaction Event harvest - size: 12
[DEBUG] - 2019-03-29 16:15:09 - Completed Transaction Trace harvest - size: 0
[DEBUG] - 2019-03-29 16:15:09 - Completed Metric harvest - size: 11
[DEBUG] - 2019-03-29 16:15:09 - Completed Error Event harvest - size: 0
[DEBUG] - 2019-03-29 16:15:09 - Completed Error Trace harvest - size: 0
[DEBUG] - 2019-03-29 16:15:09 - Completed Transaction Event harvest - size: 0
[DEBUG] - 2019-03-29 16:15:09 - Completed Custom Event harvest - size: 56
[DEBUG] - 2019-03-29 16:15:09 - Completed Span Event harvest - size: 0
